<?xml version="1.0" encoding="UTF-8"?>
<!-- Generated by org.testng.reporters.JUnitReportReporter -->
<testsuite hostname="Mahmouds-MacBook-Pro.local" failures="0" tests="1" name="end_to_end.SearchTest" time="3.969" errors="0" timestamp="2023-09-28T11:17:18 EET" skipped="0">
  <testcase classname="end_to_end.SearchTest" name="testSearchOnWebsite" time="3.969"/>
</testsuite> <!-- end_to_end.SearchTest -->
